<?xml version="1.0" encoding="UTF-8"?>
<!-- Generated by org.testng.reporters.JUnitReportReporter -->
<testsuite hostname="LAPTOP-N4JQRHJD" name="testingMcPizzaTestCases.AppTest" tests="1" failures="0" timestamp="17 Nov 2022 08:32:03 GMT" time="36.818" errors="0">
  <testcase name="loginToApplication" time="36.818" classname="testingMcPizzaTestCases.AppTest"/>
</testsuite> <!-- testingMcPizzaTestCases.AppTest -->
