<?xml version="1.0" encoding="UTF-8"?>
<!-- Generated by org.testng.reporters.JUnitReportReporter -->
<testsuite skipped="0" hostname="LAPTOP-N4JQRHJD" name="testingMcPizzaTestCases.AppTest" tests="1" failures="0" timestamp="2022-11-17T13:51:33 IST" time="38.253" errors="0">
  <testcase name="loginToApplication" time="38.253" classname="testingMcPizzaTestCases.AppTest"/>
  <system-out/>
</testsuite> <!-- testingMcPizzaTestCases.AppTest -->
